-------------------------------------------------------------------------------
Test set: br.com.stoom.controller.LocationControllerTest
-------------------------------------------------------------------------------
Tests run: 4, Failures: 1, Errors: 0, Skipped: 0, Time elapsed: 11.378 s <<< FAILURE! - in br.com.stoom.controller.LocationControllerTest
updateLocation(br.com.stoom.controller.LocationControllerTest)  Time elapsed: 0.529 s  <<< FAILURE!
java.lang.AssertionError: expected:<204> but was:<404>
	at br.com.stoom.controller.LocationControllerTest.updateLocation(LocationControllerTest.java:111)

