-------------------------------------------------------------------------------
Test set: br.com.stoom.controller.LocationControllerTest
-------------------------------------------------------------------------------
Tests run: 1, Failures: 0, Errors: 1, Skipped: 0, Time elapsed: 0.585 s <<< FAILURE! - in br.com.stoom.controller.LocationControllerTest
initializationError(br.com.stoom.controller.LocationControllerTest)  Time elapsed: 0.054 s  <<< ERROR!
java.lang.Exception: No runnable methods

