<?xml version="1.0" encoding="UTF-8"?>
<testsuite xmlns:xsi="http://www.w3.org/2001/XMLSchema-instance" xsi:noNamespaceSchemaLocation="https://maven.apache.org/surefire/maven-surefire-plugin/xsd/surefire-test-report.xsd" name="br.com.stoom.controller.LocationControllerTest" time="11.378" tests="4" errors="0" skipped="0" failures="1">
  <properties>
[...]
</properties>
  <testcase name="updateLocation" classname="br.com.stoom.controller.LocationControllerTest" time="0.529">
    <failure message="expected:&lt;204&gt; but was:&lt;404&gt;" type="java.lang.AssertionError"><![CDATA[java.lang.AssertionError: expected:<204> but was:<404>
	at br.com.stoom.controller.LocationControllerTest.updateLocation(LocationControllerTest.java:111)
]]></failure>
    <system-out><![CDATA[10:20:08.983 [main] DEBUG org.springframework.test.context.junit4.SpringJUnit4ClassRunner - SpringJUnit4ClassRunner constructor called with [class br.com.stoom.controller.LocationControllerTest]
10:20:08.991 [main] DEBUG org.springframework.test.context.BootstrapUtils - Instantiating CacheAwareContextLoaderDelegate from class [org.springframework.test.context.cache.DefaultCacheAwareContextLoaderDelegate]
10:20:09.006 [main] DEBUG org.springframework.test.context.BootstrapUtils - Instantiating BootstrapContext using constructor [public org.springframework.test.context.support.DefaultBootstrapContext(java.lang.Class,org.springframework.test.context.CacheAwareContextLoaderDelegate)]
10:20:09.036 [main] DEBUG org.springframework.test.context.BootstrapUtils - Instantiating TestContextBootstrapper for test class [br.com.stoom.controller.LocationControllerTest] from class [org.springframework.boot.test.context.SpringBootTestContextBootstrapper]
10:20:09.053 [main] INFO org.springframework.boot.test.context.SpringBootTestContextBootstrapper - Neither @ContextConfiguration nor @ContextHierarchy found for test class [br.com.stoom.controller.LocationControllerTest], using SpringBootContextLoader
10:20:09.061 [main] DEBUG org.springframework.test.context.support.AbstractContextLoader - Did not detect default resource location for test class [br.com.stoom.controller.LocationControllerTest]: class path resource [br/com/stoom/controller/LocationControllerTest-context.xml] does not exist
10:20:09.063 [main] DEBUG org.springframework.test.context.support.AbstractContextLoader - Did not detect default resource location for test class [br.com.stoom.controller.LocationControllerTest]: class path resource [br/com/stoom/controller/LocationControllerTestContext.groovy] does not exist
10:20:09.064 [main] INFO org.springframework.test.context.support.AbstractContextLoader - Could not detect default resource locations for test class [br.com.stoom.controller.LocationControllerTest]: no resource found for suffixes {-context.xml, Context.groovy}.
10:20:09.065 [main] INFO org.springframework.test.context.support.AnnotationConfigContextLoaderUtils - Could not detect default configuration classes for test class [br.com.stoom.controller.LocationControllerTest]: LocationControllerTest does not declare any static, non-private, non-final, nested classes annotated with @Configuration.
10:20:09.136 [main] DEBUG org.springframework.test.context.support.ActiveProfilesUtils - Could not find an 'annotation declaring class' for annotation type [org.springframework.test.context.ActiveProfiles] and class [br.com.stoom.controller.LocationControllerTest]
10:20:09.266 [main] DEBUG org.springframework.context.annotation.ClassPathScanningCandidateComponentProvider - Identified candidate component class: file [/home/maicon/Documentos/workspace/stoom/target/classes/br/com/stoom/StoomApplication.class]
10:20:09.268 [main] INFO org.springframework.boot.test.context.SpringBootTestContextBootstrapper - Found @SpringBootConfiguration br.com.stoom.StoomApplication for test class br.com.stoom.controller.LocationControllerTest
10:20:09.426 [main] DEBUG org.springframework.boot.test.context.SpringBootTestContextBootstrapper - @TestExecutionListeners is not present for class [br.com.stoom.controller.LocationControllerTest]: using defaults.
10:20:09.427 [main] INFO org.springframework.boot.test.context.SpringBootTestContextBootstrapper - Loaded default TestExecutionListener class names from location [META-INF/spring.factories]: [org.springframework.boot.test.mock.mockito.MockitoTestExecutionListener, org.springframework.boot.test.mock.mockito.ResetMocksTestExecutionListener, org.springframework.boot.test.autoconfigure.restdocs.RestDocsTestExecutionListener, org.springframework.boot.test.autoconfigure.web.client.MockRestServiceServerResetTestExecutionListener, org.springframework.boot.test.autoconfigure.web.servlet.MockMvcPrintOnlyOnFailureTestExecutionListener, org.springframework.boot.test.autoconfigure.web.servlet.WebDriverTestExecutionListener, org.springframework.test.context.web.ServletTestExecutionListener, org.springframework.test.context.support.DirtiesContextBeforeModesTestExecutionListener, org.springframework.test.context.support.DependencyInjectionTestExecutionListener, org.springframework.test.context.support.DirtiesContextTestExecutionListener, org.springframework.test.context.transaction.TransactionalTestExecutionListener, org.springframework.test.context.jdbc.SqlScriptsTestExecutionListener]
10:20:09.461 [main] INFO org.springframework.boot.test.context.SpringBootTestContextBootstrapper - Using TestExecutionListeners: [org.springframework.test.context.web.ServletTestExecutionListener@121314f7, org.springframework.test.context.support.DirtiesContextBeforeModesTestExecutionListener@130c12b7, org.springframework.boot.test.mock.mockito.MockitoTestExecutionListener@5e600dd5, org.springframework.boot.test.autoconfigure.SpringBootDependencyInjectionTestExecutionListener@576d5deb, org.springframework.test.context.support.DirtiesContextTestExecutionListener@5d534f5d, org.springframework.test.context.transaction.TransactionalTestExecutionListener@2e3967ea, org.springframework.test.context.jdbc.SqlScriptsTestExecutionListener@70e9c95d, org.springframework.boot.test.mock.mockito.ResetMocksTestExecutionListener@4d5650ae, org.springframework.boot.test.autoconfigure.restdocs.RestDocsTestExecutionListener@a38c7fe, org.springframework.boot.test.autoconfigure.web.client.MockRestServiceServerResetTestExecutionListener@6fdbe764, org.springframework.boot.test.autoconfigure.web.servlet.MockMvcPrintOnlyOnFailureTestExecutionListener@51c668e3, org.springframework.boot.test.autoconfigure.web.servlet.WebDriverTestExecutionListener@2e6a8155]
10:20:09.468 [main] DEBUG org.springframework.test.annotation.ProfileValueUtils - Retrieved @ProfileValueSourceConfiguration [null] for test class [br.com.stoom.controller.LocationControllerTest]
10:20:09.471 [main] DEBUG org.springframework.test.annotation.ProfileValueUtils - Retrieved ProfileValueSource type [class org.springframework.test.annotation.SystemProfileValueSource] for class [br.com.stoom.controller.LocationControllerTest]
10:20:09.474 [main] DEBUG org.springframework.test.annotation.ProfileValueUtils - Retrieved @ProfileValueSourceConfiguration [null] for test class [br.com.stoom.controller.LocationControllerTest]
10:20:09.475 [main] DEBUG org.springframework.test.annotation.ProfileValueUtils - Retrieved ProfileValueSource type [class org.springframework.test.annotation.SystemProfileValueSource] for class [br.com.stoom.controller.LocationControllerTest]
10:20:09.478 [main] DEBUG org.springframework.test.annotation.ProfileValueUtils - Retrieved @ProfileValueSourceConfiguration [null] for test class [br.com.stoom.controller.LocationControllerTest]
10:20:09.478 [main] DEBUG org.springframework.test.annotation.ProfileValueUtils - Retrieved ProfileValueSource type [class org.springframework.test.annotation.SystemProfileValueSource] for class [br.com.stoom.controller.LocationControllerTest]
10:20:09.489 [main] DEBUG org.springframework.test.context.support.AbstractDirtiesContextTestExecutionListener - Before test class: context [DefaultTestContext@740cae06 testClass = LocationControllerTest, testInstance = [null], testMethod = [null], testException = [null], mergedContextConfiguration = [WebMergedContextConfiguration@26d9b808 testClass = LocationControllerTest, locations = '{}', classes = '{class br.com.stoom.StoomApplication}', contextInitializerClasses = '[]', activeProfiles = '{}', propertySourceLocations = '{}', propertySourceProperties = '{org.springframework.boot.test.context.SpringBootTestContextBootstrapper=true}', contextCustomizers = set[org.springframework.boot.test.context.filter.ExcludeFilterContextCustomizer@23f7d05d, org.springframework.boot.test.json.DuplicateJsonObjectContextCustomizerFactory$DuplicateJsonObjectContextCustomizer@1d082e88, org.springframework.boot.test.mock.mockito.MockitoContextCustomizer@0, org.springframework.boot.test.web.client.TestRestTemplateContextCustomizer@14d3bc22, org.springframework.boot.test.autoconfigure.properties.PropertyMappingContextCustomizer@0, org.springframework.boot.test.autoconfigure.web.servlet.WebDriverContextCustomizerFactory$Customizer@318ba8c8], resourceBasePath = 'src/main/webapp', contextLoader = 'org.springframework.boot.test.context.SpringBootContextLoader', parent = [null]], attributes = map['org.springframework.test.context.web.ServletTestExecutionListener.activateListener' -> true]], class annotated with @DirtiesContext [false] with mode [null].
10:20:09.497 [main] DEBUG org.springframework.test.annotation.ProfileValueUtils - Retrieved @ProfileValueSourceConfiguration [null] for test class [br.com.stoom.controller.LocationControllerTest]
10:20:09.498 [main] DEBUG org.springframework.test.annotation.ProfileValueUtils - Retrieved ProfileValueSource type [class org.springframework.test.annotation.SystemProfileValueSource] for class [br.com.stoom.controller.LocationControllerTest]
10:20:09.541 [main] DEBUG org.springframework.test.context.support.TestPropertySourceUtils - Adding inlined properties to environment: {spring.jmx.enabled=false, org.springframework.boot.test.context.SpringBootTestContextBootstrapper=true, server.port=-1}

  .   ____          _            __ _ _
 /\\ / ___'_ __ _ _(_)_ __  __ _ \ \ \ \
( ( )\___ | '_ | '_| | '_ \/ _` | \ \ \ \
 \\/  ___)| |_)| | | | | || (_| |  ) ) ) )
  '  |____| .__|_| |_|_| |_\__, | / / / /
 =========|_|==============|___/=/_/_/_/
 :: Spring Boot ::       (v2.1.11.RELEASE)

08 / 01 / 2020  10:20:10 - Starting LocationControllerTest on maicon with PID 4738 (started by maicon in /home/maicon/Documentos/workspace/stoom)
08 / 01 / 2020  10:20:10 - No active profile set, falling back to default profiles: default
08 / 01 / 2020  10:20:11 - Bootstrapping Spring Data JPA repositories in DEFAULT mode.
08 / 01 / 2020  10:20:11 - Finished Spring Data repository scanning in 148ms. Found 1 JPA repository interfaces.
08 / 01 / 2020  10:20:13 - Bean 'org.springframework.transaction.annotation.ProxyTransactionManagementConfiguration' of type [org.springframework.transaction.annotation.ProxyTransactionManagementConfiguration$$EnhancerBySpringCGLIB$$5d912d49] is not eligible for getting processed by all BeanPostProcessors (for example: not eligible for auto-proxying)
08 / 01 / 2020  10:20:13 - HikariPool-1 - Starting...
08 / 01 / 2020  10:20:14 - HikariPool-1 - Start completed.
08 / 01 / 2020  10:20:15 - Initialized JPA EntityManagerFactory for persistence unit 'default'
08 / 01 / 2020  10:20:17 - Initializing ExecutorService 'applicationTaskExecutor'
08 / 01 / 2020  10:20:17 - spring.jpa.open-in-view is enabled by default. Therefore, database queries may be performed during view rendering. Explicitly configure spring.jpa.open-in-view to disable this warning
08 / 01 / 2020  10:20:17 - Started LocationControllerTest in 8.176 seconds (JVM running for 9.62)
08 / 01 / 2020  10:20:17 - -------------------------------------------------------------------------------- 
08 / 01 / 2020  10:20:17 - -------------------------------------------------------------------------------- 
08 / 01 / 2020  10:20:17 - -------------------------------------------------------------------------------- 
08 / 01 / 2020  10:20:17 - -------------------------------------------------------------------------------- 
08 / 01 / 2020  10:20:17 - -------------------------------------------------------------------------------- 
08 / 01 / 2020  10:20:17 - ---------------------- type da application: local -------------------------
08 / 01 / 2020  10:20:17 - -------------------------------------------------------------------------------- 
08 / 01 / 2020  10:20:17 - -------------------------------------------------------------------------------- 
08 / 01 / 2020  10:20:17 - -------------------------------------------------------------------------------- 
08 / 01 / 2020  10:20:17 - -------------------------------------------------------------------------------- 
08 / 01 / 2020  10:20:17 - -------------------------------------------------------------------------------- 
08 / 01 / 2020  10:20:17 - Initializing Spring TestDispatcherServlet ''
08 / 01 / 2020  10:20:17 - Initializing Servlet ''
08 / 01 / 2020  10:20:17 - Completed initialization in 27 ms
Hibernate: select location0_.id as id1_0_0_, location0_.city as city2_0_0_, location0_.complement as compleme3_0_0_, location0_.country as country4_0_0_, location0_.creation_date as creation5_0_0_, location0_.latitude as latitude6_0_0_, location0_.longitude as longitud7_0_0_, location0_.neighbourhood as neighbou8_0_0_, location0_.number as number9_0_0_, location0_.statel as statel10_0_0_, location0_.street_name as street_11_0_0_, location0_.update_date as update_12_0_0_, location0_.zipcode as zipcode13_0_0_ from location location0_ where location0_.id=?
]]></system-out>
  </testcase>
  <testcase name="createLocation" classname="br.com.stoom.controller.LocationControllerTest" time="1.505"/>
  <testcase name="findAll" classname="br.com.stoom.controller.LocationControllerTest" time="0.212"/>
  <testcase name="deleteLocation" classname="br.com.stoom.controller.LocationControllerTest" time="0.036"/>
</testsuite>